[16:28:12] [INIT] KubeJS 2001.6.5-build.16; MC 2001 forge
[16:28:12] [INIT] Loaded plugins:
[16:28:12] [INIT] - dev.latvian.mods.kubejs.forge.BuiltinKubeJSForgePlugin
[16:28:12] [INIT] - dev.latvian.mods.kubejs.forge.BuiltinKubeJSForgeClientPlugin
[16:28:12] [INIT] - com.lowdragmc.lowdraglib.kjs.LDLibKubeJSPlugin
[16:28:12] [INIT] - dev.ftb.mods.ftbxmodcompat.ftbquests.kubejs.KubeJSIntegration
[16:28:12] [INIT] - dev.ftb.mods.ftbxmodcompat.ftbchunks.kubejs.FTBChunksKubeJSPlugin
[16:28:12] [INIT] - dev.ftb.mods.ftbxmodcompat.ftbteams.kubejs.FTBTeamsKubeJSPlugin
[16:28:12] [INIT] - com.probejs.ProbeJSPlugin
[16:28:12] [INIT] - com.gregtechceu.gtceu.integration.kjs.GregTechKubeJSPlugin
[16:28:13] [INFO] example.js#5: Hello, World! (Loaded server scripts)
[16:28:13] [INFO] Loaded script server_scripts:example.js in 0.008 s
[16:28:13] [INFO] Loaded 1/1 KubeJS server scripts in 0.019 s with 0 errors and 0 warnings
[16:28:13] [INFO] Scripts loaded
[16:28:13] [INFO] Initializing recipe event...
[16:28:15] [INFO] Processing recipes...
[16:28:16] [INFO] Found 48382 recipes in 801.5 ms
[16:28:16] [INFO] Posted recipe events in 120.1 ms
[16:28:17] [WARN] Error parsing recipe gtceu:shapeless/centrifuged_ore_to_dust_neutronium[minecraft:crafting_shapeless]: {"type":"minecraft:crafting_shapeless","ingredients":[{"tag":"forge:tools/hammers"},[]],"result":{"item":"gtceu:neutronium_mixture_dust"}}: Item array cannot be empty, at least one item must be defined
[16:28:17] [WARN] Error parsing recipe gtceu:large_chemical_reactor/test13[gtceu:large_chemical_reactor]: {"type":"gtceu:large_chemical_reactor","inputs":{"fluid":[{"content":{"amount":1000,"value":[{"fluid":"gtceu:osmium_tetroxide"}]},"chance":10000,"maxChance":10000,"tierChanceBoost":0},{"content":{"amount":6000,"value":[{"fluid":"gtceu:hydrochloric_acid"}]},"chance":10000,"maxChance":10000,"tierChanceBoost":0}]},"outputs":{"item":[{"content":{"type":"gtceu:sized","count":1,"ingredient":{"item":"gtceu:osmium_dust"}},"chance":10000,"maxChance":10000,"tierChanceBoost":0}],"fluid":[{"content":{"amount":36000,"value":[{"fluid":"gtceu:chlorine"}]},"chance":10000,"maxChance":10000,"tierChanceBoost":0},{"content":{"amount":2000,"value":[{"fluid":"minecraft:water"}]},"chance":10000,"maxChance":10000,"tierChanceBoost":0}]}}: No key duration in MapLike[{"type":"gtceu:large_chemical_reactor","inputs":{"fluid":[{"content":{"amount":1000,"value":[{"fluid":"gtceu:osmium_tetroxide"}]},"chance":10000,"maxChance":10000,"tierChanceBoost":0},{"content":{"amount":6000,"value":[{"fluid":"gtceu:hydrochloric_acid"}]},"chance":10000,"maxChance":10000,"tierChanceBoost":0}]},"outputs":{"item":[{"content":{"type":"gtceu:sized","count":1,"ingredient":{"item":"gtceu:osmium_dust"}},"chance":10000,"maxChance":10000,"tierChanceBoost":0}],"fluid":[{"content":{"amount":36000,"value":[{"fluid":"gtceu:chlorine"}]},"chance":10000,"maxChance":10000,"tierChanceBoost":0},{"content":{"amount":2000,"value":[{"fluid":"minecraft:water"}]},"chance":10000,"maxChance":10000,"tierChanceBoost":0}]}}]
[16:28:18] [INFO] Added 22 recipes, removed 59 recipes, modified 3 recipes, with 2 failed recipes in 1.516 s
[16:28:20] [INFO] Server resource reload complete!
